<?xml version="1.0" encoding="UTF-8"?>
<testng-results total="5" passed="5" failed="0" skipped="0">
  <reporter-output>
  </reporter-output>
  <suite started-at="2024-01-18T17:19:31Z" name="test.com.DataTest" finished-at="2024-01-18T17:19:31Z" duration-ms="21">
    <groups>
    </groups>
    <test started-at="2024-01-18T17:19:31Z" name="Command line test" finished-at="2024-01-18T17:19:31Z" duration-ms="21">
      <class name="test.com.DataTest">
        <test-method signature="add(int, int, int)[pri:0, instance:test.com.DataTest@34c4973]" started-at="2024-01-18T12:19:31Z" name="add" data-provider="data-provider1" finished-at="2024-01-18T12:19:31Z" duration-ms="7" status="PASS">
          <params>
            <param index="0">
              <value>
                <![CDATA[2]]>
              </value>
            </param>
            <param index="1">
              <value>
                <![CDATA[3]]>
              </value>
            </param>
            <param index="2">
              <value>
                <![CDATA[5]]>
              </value>
            </param>
          </params>
          <reporter-output>
          </reporter-output>
        </test-method> <!-- add -->
        <test-method signature="add(int, int, int)[pri:0, instance:test.com.DataTest@34c4973]" started-at="2024-01-18T12:19:31Z" name="add" data-provider="data-provider1" finished-at="2024-01-18T12:19:31Z" duration-ms="1" status="PASS">
          <params>
            <param index="0">
              <value>
                <![CDATA[2]]>
              </value>
            </param>
            <param index="1">
              <value>
                <![CDATA[-2]]>
              </value>
            </param>
            <param index="2">
              <value>
                <![CDATA[0]]>
              </value>
            </param>
          </params>
          <reporter-output>
          </reporter-output>
        </test-method> <!-- add -->
        <test-method signature="add(int, int, int)[pri:0, instance:test.com.DataTest@34c4973]" started-at="2024-01-18T12:19:31Z" name="add" data-provider="data-provider1" finished-at="2024-01-18T12:19:31Z" duration-ms="0" status="PASS">
          <params>
            <param index="0">
              <value>
                <![CDATA[5]]>
              </value>
            </param>
            <param index="1">
              <value>
                <![CDATA[7]]>
              </value>
            </param>
            <param index="2">
              <value>
                <![CDATA[12]]>
              </value>
            </param>
          </params>
          <reporter-output>
          </reporter-output>
        </test-method> <!-- add -->
        <test-method signature="squre(int, int)[pri:0, instance:test.com.DataTest@34c4973]" started-at="2024-01-18T12:19:31Z" name="squre" data-provider="data-provider2" finished-at="2024-01-18T12:19:31Z" duration-ms="0" status="PASS">
          <params>
            <param index="0">
              <value>
                <![CDATA[2]]>
              </value>
            </param>
            <param index="1">
              <value>
                <![CDATA[4]]>
              </value>
            </param>
          </params>
          <reporter-output>
          </reporter-output>
        </test-method> <!-- squre -->
        <test-method signature="squre(int, int)[pri:0, instance:test.com.DataTest@34c4973]" started-at="2024-01-18T12:19:31Z" name="squre" data-provider="data-provider2" finished-at="2024-01-18T12:19:31Z" duration-ms="1" status="PASS">
          <params>
            <param index="0">
              <value>
                <![CDATA[3]]>
              </value>
            </param>
            <param index="1">
              <value>
                <![CDATA[9]]>
              </value>
            </param>
          </params>
          <reporter-output>
          </reporter-output>
        </test-method> <!-- squre -->
      </class> <!-- test.com.DataTest -->
    </test> <!-- Command line test -->
  </suite> <!-- test.com.DataTest -->
</testng-results>
