<?xml version="1.0" encoding="UTF-8"?>
<!-- Generated by org.testng.reporters.JUnitXMLReporter -->
<testsuite hostname="DESKTOP-KLGSHSP" failures="0" tests="5" name="Command line test" time="0.021" errors="0" timestamp="18 Jan 2024 17:19:31 GMT">
  <testcase classname="test.com.DataTest" name="add" time="0.007"/>
  <testcase classname="test.com.DataTest" name="add" time="0.0"/>
  <testcase classname="test.com.DataTest" name="add" time="0.001"/>
  <testcase classname="test.com.DataTest" name="squre" time="0.0"/>
  <testcase classname="test.com.DataTest" name="squre" time="0.001"/>
</testsuite> <!-- Command line test -->
